2025-06-22 00:37:06 info: 开始执行爬虫任务...
2025-06-22 00:37:06 info: 正在从路径 ./sitemap.xml 读取 sitemap 文件...
2025-06-22 00:37:06 error: 解析 sitemap.xml 文件时出错: Non-whitespace before first tag.
Line: 0
Column: 1
Char: T
2025-06-22 00:37:06 error: 任务执行过程中发生严重错误: 解析 sitemap.xml 失败。
2025-06-22 00:37:06 info: 爬虫任务执行完毕。
2025-06-22 00:40:06 info: 开始执行爬虫任务...
2025-06-22 00:40:06 info: 正在从路径 ./sitemap.xml 读取 sitemap 文件...
2025-06-22 00:40:06 error: 解析 sitemap.xml 文件时出错: Non-whitespace before first tag.
Line: 0
Column: 1
Char: T
2025-06-22 00:40:06 error: 任务执行过程中发生严重错误: 解析 sitemap.xml 失败。
2025-06-22 00:40:06 info: 爬虫任务执行完毕。
2025-06-22 00:40:22 info: 开始执行爬虫任务...
2025-06-22 00:40:22 info: 正在从路径 ./sitemap.xml 读取 sitemap 文件...
2025-06-22 00:40:22 warn: sitemap.xml 文件格式不正确或为空，未找到 <urlset> 或 <url> 标签。
2025-06-22 00:40:22 info: 从 sitemap 中成功提取 0 个 URL。
2025-06-22 00:40:22 info: 开始并行爬取 0 个 URL，并发数为 5...
2025-06-22 00:40:22 info: 成功爬取 0 个页面。
2025-06-22 00:40:22 info: 爬虫任务执行完毕。
2025-06-22 00:40:42 info: 开始执行爬虫任务...
2025-06-22 00:40:42 info: 正在从路径 ./sitemap.xml 读取 sitemap 文件...
2025-06-22 00:40:42 warn: sitemap.xml 文件格式不正确或为空，未找到 <urlset> 或 <url> 标签。
2025-06-22 00:40:42 info: 从 sitemap 中成功提取 0 个 URL。
2025-06-22 00:40:42 info: 开始并行爬取 0 个 URL，并发数为 5...
2025-06-22 00:40:42 info: 成功爬取 0 个页面。
2025-06-22 00:40:42 info: 爬虫任务执行完毕。
